songseeker_full/proguard/mapping.txt
com.echonest.api.v4.Artist -> com.b.a.a.l:
    java.lang.String getID() -> a
    java.lang.String getForeignID(java.lang.String) -> a
    com.echonest.api.v4.PagedList getBiographies$9ba29d5(java.lang.String) -> b
    com.echonest.api.v4.PagedList getNews$32782b95(boolean) -> a
com.echonest.api.v4.ArtistParams -> com.b.a.a.m:
    java.lang.String SORT_FAMILIARITY -> a
    java.lang.String SORT_HOTTTNESSS -> b
    java.lang.String SORT_START_YEAR -> c
    java.lang.String SORT_END_YEAR -> d
    void setID(java.lang.String) -> a
    void setLimit$1385ff() -> a
    void addIDSpace(java.lang.String) -> b
com.echonest.api.v4.Biography -> com.b.a.a.n:
    java.lang.String getText() -> a
    java.lang.String getURL() -> b
com.echonest.api.v4.ENItem -> com.b.a.a.q:
    java.util.Map data -> a
    com.echonest.api.v4.EchoNestAPI en -> b
    java.lang.String type -> c
    java.lang.String path -> d
    java.lang.String originalID -> e
    java.lang.String id -> f
    java.lang.String findID() -> b
    java.lang.String toString() -> toString
    void fetchBucket(java.lang.String,java.lang.String) -> a
    void extractForeignIDs(java.util.Map) -> a
    java.lang.String getID() -> a
    java.lang.String getString(java.lang.String) -> c
    java.util.Map getItemMap(java.lang.String,java.lang.String) -> b
    int hashCode() -> hashCode
    boolean equals(java.lang.Object) -> equals
com.echonest.api.v4.EchoNestAPI -> com.b.a.a.j:
    com.echonest.api.v4.util.Commander cmd -> a
    com.echonest.api.v4.Params stdParams -> b
    com.echonest.api.v4.Artist newArtistByID(java.lang.String) -> a
    java.util.List getSimilarArtists(com.echonest.api.v4.Params) -> a
    java.util.List searchSongs(com.echonest.api.v4.Params) -> b
    java.util.List getSongs(com.echonest.api.v4.Params) -> c
    com.echonest.api.v4.Playlist createStaticPlaylist(com.echonest.api.v4.Params) -> d
    com.echonest.api.v4.PagedListInfo getDocuments$71b31229(java.lang.String,java.lang.String,java.lang.String,boolean) -> a
    com.echonest.api.v4.PagedListInfo getDocuments$619a7c9b(java.lang.String,java.lang.String,java.lang.String,java.lang.String) -> a
    com.echonest.api.v4.PagedListInfo getPagedDocuments(java.lang.String,java.util.Map) -> a
    com.echonest.api.v4.util.Commander getCmd() -> a
com.echonest.api.v4.EchoNestException -> com.b.a.a.i:
    int code -> a
    java.lang.String message -> b
    int getCode() -> a
    java.lang.String getMessage() -> getMessage
com.echonest.api.v4.News -> com.b.a.a.p:
    java.lang.String getName() -> a
    java.lang.String getURL() -> b
    java.lang.String getSummary() -> c
    java.util.Date getDatePosted() -> d
com.echonest.api.v4.PagedList -> com.b.a.a.d:
    int start -> a
    int total -> b
com.echonest.api.v4.PagedListInfo -> com.b.a.a.e:
    int start -> a
    int total -> b
    java.util.List docs -> c
com.echonest.api.v4.Params -> com.b.a.a.o:
    java.util.Map map -> a
    void add(java.lang.String,java.lang.String) -> a
    void set(java.lang.String,java.lang.String) -> b
    int size() -> c
    void add(java.lang.String,int) -> a
    void add(java.lang.String,float) -> a
    void add(java.lang.String,boolean) -> a
    void set(java.lang.String,float) -> b
    void set$505cbf4b(java.lang.String) -> e
    java.lang.String toString(boolean) -> a
    java.lang.String encode(java.lang.String) -> a
    java.lang.String getDelim(java.lang.StringBuilder,boolean) -> a
com.echonest.api.v4.Playlist -> com.b.a.a.k:
    java.util.List songs -> a
    java.lang.String session -> b
    java.util.List getSongs() -> a
com.echonest.api.v4.PlaylistParams -> com.b.a.a.f:
    void setType(com.echonest.api.v4.PlaylistParams$PlaylistType) -> a